<?xml version="1.0" encoding="UTF-8"?>
<testng-results ignored="1" total="2" passed="1" failed="0" skipped="0">
  <reporter-output>
  </reporter-output>
  <suite started-at="2024-05-24T16:47:10 IST" name="Default suite" finished-at="2024-05-24T16:47:22 IST" duration-ms="11432">
    <groups>
    </groups>
    <test started-at="2024-05-24T16:47:10 IST" name="Default test" finished-at="2024-05-24T16:47:22 IST" duration-ms="11432">
      <class name="reports.LearningExtentReport">
        <test-method signature="script1()[pri:0, instance:reports.LearningExtentReport@20deea7f]" started-at="2024-05-24T16:47:10 IST" name="script1" finished-at="2024-05-24T16:47:22 IST" duration-ms="11396" status="PASS">
          <reporter-output>
          </reporter-output>
        </test-method> <!-- script1 -->
      </class> <!-- reports.LearningExtentReport -->
    </test> <!-- Default test -->
  </suite> <!-- Default suite -->
</testng-results>
