<?xml version="1.0" encoding="UTF-8"?>
<!-- Generated by org.testng.reporters.JUnitXMLReporter -->
<testsuite ignored="0" hostname="SATHISH" failures="0" tests="3" name="Test" time="31.541" errors="0" timestamp="2024-05-22T16:54:56 IST">
  <testcase classname="beauty.LaunchNykaa_Test" name="nykaa" time="7.011"/>
  <testcase classname="beauty.LaunchSugar_Test" name="sugar" time="15.109"/>
  <testcase classname="beauty.LaunchLoreal_Test" name="loreal" time="9.383"/>
</testsuite> <!-- Test -->
